Command line:
   tb_isim_beh.exe
     -simmode  gui
     -simrunnum  0
     -socket  50158

Tue Feb 16 15:57:16 2016


 Elaboration Time: 0.25 sec

 Current Memory Usage: 975.827 Meg

 Total Signals          : 589
 Total Nets             : 166833
 Total Signal Drivers   : 265
 Total Blocks           : 90
 Total Primitive Blocks : 49
 Total Processes        : 185
 Total Traceable Variables  : 712
 Total Scalar Nets and Variables : 212571
Total Line Count : 954

 Total Simulation Time: 4.9375 sec

 Current Memory Usage: 1290.42 Meg

Tue Feb 16 15:58:02 2016

